Determining if the pthread_create exist failed with the following output:
Change Dir: /home/arabar/Qt_Projects/Avionicav2/build-src-cmake-Default/CMakeFiles/CMakeTmp

Run Build Command:"/usr/bin/make" "cmTC_0d16b/fast"
/usr/bin/make -f CMakeFiles/cmTC_0d16b.dir/build.make CMakeFiles/cmTC_0d16b.dir/build
make[1]: se entra en el directorio '/home/arabar/Qt_Projects/Avionicav2/build-src-cmake-Default/CMakeFiles/CMakeTmp'
Building C object CMakeFiles/cmTC_0d16b.dir/CheckSymbolExists.c.o
/usr/bin/cc     -o CMakeFiles/cmTC_0d16b.dir/CheckSymbolExists.c.o   -c /home/arabar/Qt_Projects/Avionicav2/build-src-cmake-Default/CMakeFiles/CMakeTmp/CheckSymbolExists.c
Linking C executable cmTC_0d16b
/usr/bin/cmake -E cmake_link_script CMakeFiles/cmTC_0d16b.dir/link.txt --verbose=1
/usr/bin/cc       CMakeFiles/cmTC_0d16b.dir/CheckSymbolExists.c.o  -o cmTC_0d16b -rdynamic 
CMakeFiles/cmTC_0d16b.dir/CheckSymbolExists.c.o: En la función `main':
CheckSymbolExists.c:(.text+0x16): referencia a `pthread_create' sin definir
collect2: error: ld returned 1 exit status
CMakeFiles/cmTC_0d16b.dir/build.make:97: fallo en las instrucciones para el objetivo 'cmTC_0d16b'
make[1]: *** [cmTC_0d16b] Error 1
make[1]: se sale del directorio '/home/arabar/Qt_Projects/Avionicav2/build-src-cmake-Default/CMakeFiles/CMakeTmp'
Makefile:126: fallo en las instrucciones para el objetivo 'cmTC_0d16b/fast'
make: *** [cmTC_0d16b/fast] Error 2

File /home/arabar/Qt_Projects/Avionicav2/build-src-cmake-Default/CMakeFiles/CMakeTmp/CheckSymbolExists.c:
/* */
#include <pthread.h>

int main(int argc, char** argv)
{
  (void)argv;
#ifndef pthread_create
  return ((int*)(&pthread_create))[argc];
#else
  (void)argc;
  return 0;
#endif
}

Determining if the function pthread_create exists in the pthreads failed with the following output:
Change Dir: /home/arabar/Qt_Projects/Avionicav2/build-src-cmake-Default/CMakeFiles/CMakeTmp

Run Build Command:"/usr/bin/make" "cmTC_5a7ee/fast"
/usr/bin/make -f CMakeFiles/cmTC_5a7ee.dir/build.make CMakeFiles/cmTC_5a7ee.dir/build
make[1]: se entra en el directorio '/home/arabar/Qt_Projects/Avionicav2/build-src-cmake-Default/CMakeFiles/CMakeTmp'
Building C object CMakeFiles/cmTC_5a7ee.dir/CheckFunctionExists.c.o
/usr/bin/cc    -DCHECK_FUNCTION_EXISTS=pthread_create   -o CMakeFiles/cmTC_5a7ee.dir/CheckFunctionExists.c.o   -c /usr/share/cmake-3.5/Modules/CheckFunctionExists.c
Linking C executable cmTC_5a7ee
/usr/bin/cmake -E cmake_link_script CMakeFiles/cmTC_5a7ee.dir/link.txt --verbose=1
/usr/bin/cc   -DCHECK_FUNCTION_EXISTS=pthread_create    CMakeFiles/cmTC_5a7ee.dir/CheckFunctionExists.c.o  -o cmTC_5a7ee -rdynamic -lpthreads 
/usr/bin/ld: no se puede encontrar -lpthreads
collect2: error: ld returned 1 exit status
CMakeFiles/cmTC_5a7ee.dir/build.make:97: fallo en las instrucciones para el objetivo 'cmTC_5a7ee'
make[1]: *** [cmTC_5a7ee] Error 1
make[1]: se sale del directorio '/home/arabar/Qt_Projects/Avionicav2/build-src-cmake-Default/CMakeFiles/CMakeTmp'
Makefile:126: fallo en las instrucciones para el objetivo 'cmTC_5a7ee/fast'
make: *** [cmTC_5a7ee/fast] Error 2


