Determining if the pthread_create exist failed with the following output:
Change Dir: /home/arabar/Qt_Projects/Avionicav2/build/CMakeFiles/CMakeTmp

Run Build Command:"/usr/bin/make" "cmTC_834aa/fast"
/usr/bin/make -f CMakeFiles/cmTC_834aa.dir/build.make CMakeFiles/cmTC_834aa.dir/build
make[1]: se entra en el directorio '/home/arabar/Qt_Projects/Avionicav2/build/CMakeFiles/CMakeTmp'
Building C object CMakeFiles/cmTC_834aa.dir/CheckSymbolExists.c.o
/usr/bin/cc     -o CMakeFiles/cmTC_834aa.dir/CheckSymbolExists.c.o   -c /home/arabar/Qt_Projects/Avionicav2/build/CMakeFiles/CMakeTmp/CheckSymbolExists.c
Linking C executable cmTC_834aa
/usr/bin/cmake -E cmake_link_script CMakeFiles/cmTC_834aa.dir/link.txt --verbose=1
/usr/bin/cc       CMakeFiles/cmTC_834aa.dir/CheckSymbolExists.c.o  -o cmTC_834aa -rdynamic 
CMakeFiles/cmTC_834aa.dir/CheckSymbolExists.c.o: En la función `main':
CheckSymbolExists.c:(.text+0x16): referencia a `pthread_create' sin definir
collect2: error: ld returned 1 exit status
CMakeFiles/cmTC_834aa.dir/build.make:97: fallo en las instrucciones para el objetivo 'cmTC_834aa'
make[1]: *** [cmTC_834aa] Error 1
make[1]: se sale del directorio '/home/arabar/Qt_Projects/Avionicav2/build/CMakeFiles/CMakeTmp'
Makefile:126: fallo en las instrucciones para el objetivo 'cmTC_834aa/fast'
make: *** [cmTC_834aa/fast] Error 2

File /home/arabar/Qt_Projects/Avionicav2/build/CMakeFiles/CMakeTmp/CheckSymbolExists.c:
/* */
#include <pthread.h>

int main(int argc, char** argv)
{
  (void)argv;
#ifndef pthread_create
  return ((int*)(&pthread_create))[argc];
#else
  (void)argc;
  return 0;
#endif
}

Determining if the function pthread_create exists in the pthreads failed with the following output:
Change Dir: /home/arabar/Qt_Projects/Avionicav2/build/CMakeFiles/CMakeTmp

Run Build Command:"/usr/bin/make" "cmTC_72f4d/fast"
/usr/bin/make -f CMakeFiles/cmTC_72f4d.dir/build.make CMakeFiles/cmTC_72f4d.dir/build
make[1]: se entra en el directorio '/home/arabar/Qt_Projects/Avionicav2/build/CMakeFiles/CMakeTmp'
Building C object CMakeFiles/cmTC_72f4d.dir/CheckFunctionExists.c.o
/usr/bin/cc    -DCHECK_FUNCTION_EXISTS=pthread_create   -o CMakeFiles/cmTC_72f4d.dir/CheckFunctionExists.c.o   -c /usr/share/cmake-3.5/Modules/CheckFunctionExists.c
Linking C executable cmTC_72f4d
/usr/bin/cmake -E cmake_link_script CMakeFiles/cmTC_72f4d.dir/link.txt --verbose=1
/usr/bin/cc   -DCHECK_FUNCTION_EXISTS=pthread_create    CMakeFiles/cmTC_72f4d.dir/CheckFunctionExists.c.o  -o cmTC_72f4d -rdynamic -lpthreads 
/usr/bin/ld: no se puede encontrar -lpthreads
collect2: error: ld returned 1 exit status
CMakeFiles/cmTC_72f4d.dir/build.make:97: fallo en las instrucciones para el objetivo 'cmTC_72f4d'
make[1]: *** [cmTC_72f4d] Error 1
make[1]: se sale del directorio '/home/arabar/Qt_Projects/Avionicav2/build/CMakeFiles/CMakeTmp'
Makefile:126: fallo en las instrucciones para el objetivo 'cmTC_72f4d/fast'
make: *** [cmTC_72f4d/fast] Error 2


